2025-07-15 18:44:42 INFO:	***** Start a BUSCO v6.0.0 analysis, current time: 07/15/2025 18:44:42 *****
2025-07-15 18:44:42 INFO:	Configuring BUSCO with local environment
2025-07-15 18:44:42 INFO:	Running genome mode
2025-07-15 18:44:42 INFO:	Downloading information on latest versions of BUSCO data...
2025-07-15 18:44:44 INFO:	Input file is /mnt/cephfs/scratch/saodonnell/projects/genomeval/paqman_test_data/cerevisiae/GCA002057635_paqman.8t/GCA002057635.fa
2025-07-15 18:44:44 INFO:	Downloading file 'https://busco-data.ezlab.org/v5/data/lineages/saccharomycetaceae_odb12.2025-07-01.tar.gz'
2025-07-15 18:45:28 INFO:	Decompressing file '/mnt/cephfs/scratch/saodonnell/projects/genomeval/paqman_test_data/cerevisiae/GCA002057635_paqman.8t/busco_downloads/lineages/saccharomycetaceae_odb12.tar.gz'
2025-07-15 18:45:36 INFO:	Running BUSCO using lineage dataset saccharomycetaceae_odb12 (eukaryota, 2025-07-01)
2025-07-15 18:45:36 INFO:	Running 1 job(s) on bbtools, starting at 07/15/2025 18:45:36
2025-07-15 18:45:38 INFO:	[bbtools]	1 of 1 task(s) completed
2025-07-15 18:45:38 INFO:	Running 1 job(s) on miniprot_index, starting at 07/15/2025 18:45:38
2025-07-15 18:45:39 INFO:	[miniprot_index]	1 of 1 task(s) completed
2025-07-15 18:45:40 INFO:	Running 1 job(s) on miniprot_align, starting at 07/15/2025 18:45:40
2025-07-15 18:47:20 INFO:	[miniprot_align]	1 of 1 task(s) completed
2025-07-15 18:47:23 INFO:	***** Run HMMER on gene sequences *****
2025-07-15 18:47:26 INFO:	Running 3282 job(s) on hmmsearch, starting at 07/15/2025 18:47:26
2025-07-15 18:47:33 INFO:	[hmmsearch]	329 of 3282 task(s) completed
2025-07-15 18:47:33 INFO:	[hmmsearch]	329 of 3282 task(s) completed
2025-07-15 18:47:35 INFO:	[hmmsearch]	657 of 3282 task(s) completed
2025-07-15 18:47:40 INFO:	[hmmsearch]	1313 of 3282 task(s) completed
2025-07-15 18:47:43 INFO:	[hmmsearch]	1641 of 3282 task(s) completed
2025-07-15 18:47:45 INFO:	[hmmsearch]	1970 of 3282 task(s) completed
2025-07-15 18:47:45 INFO:	[hmmsearch]	1970 of 3282 task(s) completed
2025-07-15 18:47:48 INFO:	[hmmsearch]	2298 of 3282 task(s) completed
2025-07-15 18:47:53 INFO:	[hmmsearch]	2954 of 3282 task(s) completed
2025-07-15 18:47:57 INFO:	[hmmsearch]	3282 of 3282 task(s) completed
2025-07-15 18:47:58 INFO:	10 candidate overlapping regions found
2025-07-15 18:47:58 INFO:	3466 exons in total
2025-07-15 18:47:58 WARNING:	48 of 3278 Complete matches (1.5%) contain internal stop codons in Miniprot gene predictions
2025-07-15 18:47:59 INFO:	

    -------------------------------------------------------------------------------------------
    |Results from dataset saccharomycetaceae_odb12                                             |
    -------------------------------------------------------------------------------------------
    |C:99.9%[S:99.8%,D:0.0%],F:0.0%,M:0.1%,n:3282,E:1.5%                                       |
    |3278    Complete BUSCOs (C)    (of which 48 contain internal stop codons)                 |
    |3277    Complete and single-copy BUSCOs (S)                                               |
    |1    Complete and duplicated BUSCOs (D)                                                   |
    |0    Fragmented BUSCOs (F)                                                                |
    |4    Missing BUSCOs (M)                                                                   |
    |3282    Total BUSCO groups searched                                                       |
    -------------------------------------------------------------------------------------------
2025-07-15 18:47:59 INFO:	BUSCO analysis done with WARNING(s). Total running time: 195 seconds

***** Summary of warnings: *****
2025-07-15 18:47:58 WARNING:busco.busco_tools.hmmer	48 of 3278 Complete matches (1.5%) contain internal stop codons in Miniprot gene predictions

2025-07-15 18:47:59 INFO:	Results written in ./busco
2025-07-15 18:47:59 INFO:	For assistance with interpreting the results, please consult the userguide: https://busco.ezlab.org/busco_userguide.html

2025-07-15 18:47:59 INFO:	Visit this page https://gitlab.com/ezlab/busco#how-to-cite-busco to see how to cite BUSCO
2025-07-15 18:47:59 INFO:	Thank you for using BUSCO! Anonymous usage data is gathered to improve the tool. You may opt out with --opt-out-run-stats.
