2025-07-15 18:35:16 INFO:	***** Start a BUSCO v6.0.0 analysis, current time: 07/15/2025 18:35:16 *****
2025-07-15 18:35:16 INFO:	Configuring BUSCO with local environment
2025-07-15 18:35:16 INFO:	Running genome mode
2025-07-15 18:35:16 INFO:	Downloading information on latest versions of BUSCO data...
2025-07-15 18:35:19 INFO:	Input file is /mnt/cephfs/scratch/saodonnell/projects/genomeval/paqman_test_data/cerevisiae/GCA000146045_paqman.8t/GCA000146045.fa
2025-07-15 18:35:19 INFO:	Downloading file 'https://busco-data.ezlab.org/v5/data/lineages/saccharomycetaceae_odb12.2025-07-01.tar.gz'
2025-07-15 18:35:41 INFO:	Decompressing file '/mnt/cephfs/scratch/saodonnell/projects/genomeval/paqman_test_data/cerevisiae/GCA000146045_paqman.8t/busco_downloads/lineages/saccharomycetaceae_odb12.tar.gz'
2025-07-15 18:35:49 INFO:	Running BUSCO using lineage dataset saccharomycetaceae_odb12 (eukaryota, 2025-07-01)
2025-07-15 18:35:49 INFO:	Running 1 job(s) on bbtools, starting at 07/15/2025 18:35:49
2025-07-15 18:35:50 INFO:	[bbtools]	1 of 1 task(s) completed
2025-07-15 18:35:50 INFO:	Running 1 job(s) on miniprot_index, starting at 07/15/2025 18:35:50
2025-07-15 18:35:51 INFO:	[miniprot_index]	1 of 1 task(s) completed
2025-07-15 18:35:52 INFO:	Running 1 job(s) on miniprot_align, starting at 07/15/2025 18:35:52
2025-07-15 18:37:09 INFO:	[miniprot_align]	1 of 1 task(s) completed
2025-07-15 18:37:11 INFO:	***** Run HMMER on gene sequences *****
2025-07-15 18:37:15 INFO:	Running 3282 job(s) on hmmsearch, starting at 07/15/2025 18:37:15
2025-07-15 18:37:21 INFO:	[hmmsearch]	329 of 3282 task(s) completed
2025-07-15 18:37:24 INFO:	[hmmsearch]	657 of 3282 task(s) completed
2025-07-15 18:37:24 INFO:	[hmmsearch]	657 of 3282 task(s) completed
2025-07-15 18:37:27 INFO:	[hmmsearch]	985 of 3282 task(s) completed
2025-07-15 18:37:27 INFO:	[hmmsearch]	985 of 3282 task(s) completed
2025-07-15 18:37:32 INFO:	[hmmsearch]	1641 of 3282 task(s) completed
2025-07-15 18:37:35 INFO:	[hmmsearch]	1970 of 3282 task(s) completed
2025-07-15 18:37:42 INFO:	[hmmsearch]	2954 of 3282 task(s) completed
2025-07-15 18:37:42 INFO:	[hmmsearch]	2954 of 3282 task(s) completed
2025-07-15 18:37:42 INFO:	[hmmsearch]	2954 of 3282 task(s) completed
2025-07-15 18:37:45 INFO:	[hmmsearch]	3282 of 3282 task(s) completed
2025-07-15 18:37:46 INFO:	10 candidate overlapping regions found
2025-07-15 18:37:46 INFO:	3465 exons in total
2025-07-15 18:37:47 WARNING:	49 of 3278 Complete matches (1.5%) contain internal stop codons in Miniprot gene predictions
2025-07-15 18:37:48 INFO:	

    -------------------------------------------------------------------------------------------
    |Results from dataset saccharomycetaceae_odb12                                             |
    -------------------------------------------------------------------------------------------
    |C:99.9%[S:99.8%,D:0.0%],F:0.0%,M:0.1%,n:3282,E:1.5%                                       |
    |3278    Complete BUSCOs (C)    (of which 49 contain internal stop codons)                 |
    |3277    Complete and single-copy BUSCOs (S)                                               |
    |1    Complete and duplicated BUSCOs (D)                                                   |
    |0    Fragmented BUSCOs (F)                                                                |
    |4    Missing BUSCOs (M)                                                                   |
    |3282    Total BUSCO groups searched                                                       |
    -------------------------------------------------------------------------------------------
2025-07-15 18:37:48 INFO:	BUSCO analysis done with WARNING(s). Total running time: 149 seconds

***** Summary of warnings: *****
2025-07-15 18:37:47 WARNING:busco.busco_tools.hmmer	49 of 3278 Complete matches (1.5%) contain internal stop codons in Miniprot gene predictions

2025-07-15 18:37:48 INFO:	Results written in ./busco
2025-07-15 18:37:48 INFO:	For assistance with interpreting the results, please consult the userguide: https://busco.ezlab.org/busco_userguide.html

2025-07-15 18:37:48 INFO:	Visit this page https://gitlab.com/ezlab/busco#how-to-cite-busco to see how to cite BUSCO
2025-07-15 18:37:48 INFO:	Thank you for using BUSCO! Anonymous usage data is gathered to improve the tool. You may opt out with --opt-out-run-stats.
