Running CRAQ analysis .........
PARAMETERS:
Genome sequence(-g): GCA002057635.fa
SMS input(-sms): longreads.filtlong50x.fq.gz
NGS input(-ngs):   
Minimum NGS clipped-reads (-sn): 2
Minimum SMS clipped-reads (-ln): 2
Clipping coverRate(-sf): 0.75
Lower clipping rate for heterozygous allele(-hmin): 0.4
Upper clipping rate for heterozygous allele(-hmax): 0.6
Block score benchmarking (-rw): 1000000
Gap[N] is treated with (-gm): 1:CRE
Minimum gapsize(-mgs): 10
Break chimera fragments (-b): F
Search error region (-ser): T
Mapping SMS reads use (-x): map-ont
Mapping quality (-q): 20
Window size for error normalizing (-nw): 1222
Plot CRAQ metrics (-pl): F
Alignment thread(-t): 8
Current working at : /mnt/cephfs/scratch/saodonnell/projects/genomeval/paqman_test_data/cerevisiae/GCA002057635_paqman.8t
CRAQ output dir(-D): /mnt/cephfs/scratch/saodonnell/projects/genomeval/paqman_test_data/cerevisiae/GCA002057635_paqman.8t/craq
-------------------------Start Running-------------------------

Running SMS long-reads CRAQ analysis ......
CMD: /home/saodonnell/miniconda3/envs/paqman/bin/../share/CRAQ/src/runLR.sh -g GCA002057635.fa -x map-ont  -z seq.size -1 longreads.filtlong50x.fq.gz -q 20 -m 2 -f 0.4  -h 0.6 -r 0.75 -a 100  -v F -d 50000 -t 8 
worker_pipeline::
[M::worker_pipeline:: Merge bamfiles]
[M::worker_pipeline:: Filtering bamfiles]
[M::worker_pipeline:: Compute effective SMS coverage]
[M::worker_pipeline:: Extract SMS clipping signal]
[M::worker_pipeline:: Collect potential CSE|H]
[M::worker_pipeline:: Collect potential CRE|H]
LR clipping analysis completed. Check current directory LRout for final results!


Running CRAQ benchmark analysis ......
CMD: /home/saodonnell/miniconda3/envs/paqman/bin/../share/CRAQ/src/runAQI_SMS.sh -g  GCA002057635.fa  -z seq.size   -e LRout/LR_eff.size  -C LRout/LR_putative.SE.SH -D LRout/LR_sort.depth  -r 0.75 -p 0.4 -q 0.6 -R 0.75 -P 0.4 -Q 0.6  -n 10 -s 1222 -w 1000000  -j 1 -b F -y F -x /mnt/cephfs/scratch/saodonnell/projects/genomeval/paqman_test_data/cerevisiae/GCA002057635_paqman.8t/craq/seq.size -v F 
[M::worker_pipeline:: Filter putative LER]
[M::worker_pipeline:: Quality benchmarking
[M::worker_pipeline:: Create CRAQ metrics]
[M::worker_pipeline:: Create final report]
CRAQ analysis is finished. Check current directory runAQI_out for final results!

